1607125865849	geckodriver	INFO	Listening on 127.0.0.1:58965
1607125865852	mozrunner::runner	INFO	Running command: "/usr/bin/firefox" "--marionette" "-headless" "-foreground" "-no-remote" "-profile" "/tmp/rust_mozprofilebObI2E"
*** You are running in headless mode.
console.warn: SearchSettings: "get: No settings file exists, new profile?" (new Error("", "(unknown module)"))
1607125868353	Marionette	INFO	Listening on port 40439
1607125868399	Marionette	WARN	TLS certificate errors will be ignored for this session
1607125891415	geckodriver	INFO	Listening on 127.0.0.1:37015
1607125891419	mozrunner::runner	INFO	Running command: "/usr/bin/firefox" "--marionette" "-headless" "-foreground" "-no-remote" "-profile" "/tmp/rust_mozprofile3C0Xhl"
*** You are running in headless mode.
console.warn: SearchSettings: "get: No settings file exists, new profile?" (new Error("", "(unknown module)"))
1607125893644	Marionette	INFO	Listening on port 45033
1607125893808	Marionette	WARN	TLS certificate errors will be ignored for this session
Extension error: [Exception... "Component returned failure code: 0x80070057 (NS_ERROR_ILLEGAL_VALUE) [nsIDOMWindowUtils.addSheet]"  nsresult: "0x80070057 (NS_ERROR_ILLEGAL_VALUE)"  location: "JS frame :: resource://gre/modules/ExtensionCommon.jsm :: runSafeSyncWithoutClone :: line 74"  data: no] undefined 74
[[Exception stack
runSafeSyncWithoutClone@resource://gre/modules/ExtensionCommon.jsm:74:12
inject/cssPromise<@resource://gre/modules/ExtensionContent.jsm:526:36
Current stack
runSafeSyncWithoutClone@resource://gre/modules/ExtensionCommon.jsm:80:9
inject/cssPromise<@resource://gre/modules/ExtensionContent.jsm:526:36
]]
Extension error: [Exception... "Component returned failure code: 0x80070057 (NS_ERROR_ILLEGAL_VALUE) [nsIDOMWindowUtils.addSheet]"  nsresult: "0x80070057 (NS_ERROR_ILLEGAL_VALUE)"  location: "JS frame :: resource://gre/modules/ExtensionCommon.jsm :: runSafeSyncWithoutClone :: line 74"  data: no] undefined 74
[[Exception stack
runSafeSyncWithoutClone@resource://gre/modules/ExtensionCommon.jsm:74:12
inject/cssPromise<@resource://gre/modules/ExtensionContent.jsm:526:36
Current stack
runSafeSyncWithoutClone@resource://gre/modules/ExtensionCommon.jsm:80:9
inject/cssPromise<@resource://gre/modules/ExtensionContent.jsm:526:36
]]
Extension error: [Exception... "Component returned failure code: 0x80070057 (NS_ERROR_ILLEGAL_VALUE) [nsIDOMWindowUtils.addSheet]"  nsresult: "0x80070057 (NS_ERROR_ILLEGAL_VALUE)"  location: "JS frame :: resource://gre/modules/ExtensionCommon.jsm :: runSafeSyncWithoutClone :: line 74"  data: no] undefined 74
[[Exception stack
runSafeSyncWithoutClone@resource://gre/modules/ExtensionCommon.jsm:74:12
inject/cssPromise<@resource://gre/modules/ExtensionContent.jsm:526:36
Current stack
runSafeSyncWithoutClone@resource://gre/modules/ExtensionCommon.jsm:80:9
inject/cssPromise<@resource://gre/modules/ExtensionContent.jsm:526:36
]]
Extension error: [Exception... "Component returned failure code: 0x80070057 (NS_ERROR_ILLEGAL_VALUE) [nsIDOMWindowUtils.addSheet]"  nsresult: "0x80070057 (NS_ERROR_ILLEGAL_VALUE)"  location: "JS frame :: resource://gre/modules/ExtensionCommon.jsm :: runSafeSyncWithoutClone :: line 74"  data: no] undefined 74
[[Exception stack
runSafeSyncWithoutClone@resource://gre/modules/ExtensionCommon.jsm:74:12
inject/cssPromise<@resource://gre/modules/ExtensionContent.jsm:526:36
Current stack
runSafeSyncWithoutClone@resource://gre/modules/ExtensionCommon.jsm:80:9
inject/cssPromise<@resource://gre/modules/ExtensionContent.jsm:526:36
]]
Extension error: [Exception... "Component returned failure code: 0x80070057 (NS_ERROR_ILLEGAL_VALUE) [nsIDOMWindowUtils.addSheet]"  nsresult: "0x80070057 (NS_ERROR_ILLEGAL_VALUE)"  location: "JS frame :: resource://gre/modules/ExtensionCommon.jsm :: runSafeSyncWithoutClone :: line 74"  data: no] undefined 74
[[Exception stack
runSafeSyncWithoutClone@resource://gre/modules/ExtensionCommon.jsm:74:12
inject/cssPromise<@resource://gre/modules/ExtensionContent.jsm:526:36
Current stack
runSafeSyncWithoutClone@resource://gre/modules/ExtensionCommon.jsm:80:9
inject/cssPromise<@resource://gre/modules/ExtensionContent.jsm:526:36
]]
Extension error: [Exception... "Component returned failure code: 0x80070057 (NS_ERROR_ILLEGAL_VALUE) [nsIDOMWindowUtils.addSheet]"  nsresult: "0x80070057 (NS_ERROR_ILLEGAL_VALUE)"  location: "JS frame :: resource://gre/modules/ExtensionCommon.jsm :: runSafeSyncWithoutClone :: line 74"  data: no] undefined 74
[[Exception stack
runSafeSyncWithoutClone@resource://gre/modules/ExtensionCommon.jsm:74:12
inject/cssPromise<@resource://gre/modules/ExtensionContent.jsm:526:36
Current stack
runSafeSyncWithoutClone@resource://gre/modules/ExtensionCommon.jsm:80:9
inject/cssPromise<@resource://gre/modules/ExtensionContent.jsm:526:36
]]
Extension error: [Exception... "Component returned failure code: 0x80070057 (NS_ERROR_ILLEGAL_VALUE) [nsIDOMWindowUtils.addSheet]"  nsresult: "0x80070057 (NS_ERROR_ILLEGAL_VALUE)"  location: "JS frame :: resource://gre/modules/ExtensionCommon.jsm :: runSafeSyncWithoutClone :: line 74"  data: no] undefined 74
[[Exception stack
runSafeSyncWithoutClone@resource://gre/modules/ExtensionCommon.jsm:74:12
inject/cssPromise<@resource://gre/modules/ExtensionContent.jsm:526:36
Current stack
runSafeSyncWithoutClone@resource://gre/modules/ExtensionCommon.jsm:80:9
inject/cssPromise<@resource://gre/modules/ExtensionContent.jsm:526:36
]]
Extension error: [Exception... "Component returned failure code: 0x80070057 (NS_ERROR_ILLEGAL_VALUE) [nsIDOMWindowUtils.addSheet]"  nsresult: "0x80070057 (NS_ERROR_ILLEGAL_VALUE)"  location: "JS frame :: resource://gre/modules/ExtensionCommon.jsm :: runSafeSyncWithoutClone :: line 74"  data: no] undefined 74
[[Exception stack
runSafeSyncWithoutClone@resource://gre/modules/ExtensionCommon.jsm:74:12
inject/cssPromise<@resource://gre/modules/ExtensionContent.jsm:526:36
Current stack
runSafeSyncWithoutClone@resource://gre/modules/ExtensionCommon.jsm:80:9
inject/cssPromise<@resource://gre/modules/ExtensionContent.jsm:526:36
]]
Extension error: [Exception... "Component returned failure code: 0x80070057 (NS_ERROR_ILLEGAL_VALUE) [nsIDOMWindowUtils.addSheet]"  nsresult: "0x80070057 (NS_ERROR_ILLEGAL_VALUE)"  location: "JS frame :: resource://gre/modules/ExtensionCommon.jsm :: runSafeSyncWithoutClone :: line 74"  data: no] undefined 74
[[Exception stack
runSafeSyncWithoutClone@resource://gre/modules/ExtensionCommon.jsm:74:12
inject/cssPromise<@resource://gre/modules/ExtensionContent.jsm:526:36
Current stack
runSafeSyncWithoutClone@resource://gre/modules/ExtensionCommon.jsm:80:9
inject/cssPromise<@resource://gre/modules/ExtensionContent.jsm:526:36
]]
Extension error: [Exception... "Component returned failure code: 0x80070057 (NS_ERROR_ILLEGAL_VALUE) [nsIDOMWindowUtils.addSheet]"  nsresult: "0x80070057 (NS_ERROR_ILLEGAL_VALUE)"  location: "JS frame :: resource://gre/modules/ExtensionCommon.jsm :: runSafeSyncWithoutClone :: line 74"  data: no] undefined 74
[[Exception stack
runSafeSyncWithoutClone@resource://gre/modules/ExtensionCommon.jsm:74:12
inject/cssPromise<@resource://gre/modules/ExtensionContent.jsm:526:36
Current stack
runSafeSyncWithoutClone@resource://gre/modules/ExtensionCommon.jsm:80:9
inject/cssPromise<@resource://gre/modules/ExtensionContent.jsm:526:36
]]
Extension error: [Exception... "Component returned failure code: 0x80070057 (NS_ERROR_ILLEGAL_VALUE) [nsIDOMWindowUtils.addSheet]"  nsresult: "0x80070057 (NS_ERROR_ILLEGAL_VALUE)"  location: "JS frame :: resource://gre/modules/ExtensionCommon.jsm :: runSafeSyncWithoutClone :: line 74"  data: no] undefined 74
[[Exception stack
runSafeSyncWithoutClone@resource://gre/modules/ExtensionCommon.jsm:74:12
inject/cssPromise<@resource://gre/modules/ExtensionContent.jsm:526:36
Current stack
runSafeSyncWithoutClone@resource://gre/modules/ExtensionCommon.jsm:80:9
inject/cssPromise<@resource://gre/modules/ExtensionContent.jsm:526:36
]]
Extension error: [Exception... "Component returned failure code: 0x80070057 (NS_ERROR_ILLEGAL_VALUE) [nsIDOMWindowUtils.addSheet]"  nsresult: "0x80070057 (NS_ERROR_ILLEGAL_VALUE)"  location: "JS frame :: resource://gre/modules/ExtensionCommon.jsm :: runSafeSyncWithoutClone :: line 74"  data: no] undefined 74
[[Exception stack
runSafeSyncWithoutClone@resource://gre/modules/ExtensionCommon.jsm:74:12
inject/cssPromise<@resource://gre/modules/ExtensionContent.jsm:526:36
Current stack
runSafeSyncWithoutClone@resource://gre/modules/ExtensionCommon.jsm:80:9
inject/cssPromise<@resource://gre/modules/ExtensionContent.jsm:526:36
]]
Extension error: [Exception... "Component returned failure code: 0x80070057 (NS_ERROR_ILLEGAL_VALUE) [nsIDOMWindowUtils.addSheet]"  nsresult: "0x80070057 (NS_ERROR_ILLEGAL_VALUE)"  location: "JS frame :: resource://gre/modules/ExtensionCommon.jsm :: runSafeSyncWithoutClone :: line 74"  data: no] undefined 74
[[Exception stack
runSafeSyncWithoutClone@resource://gre/modules/ExtensionCommon.jsm:74:12
inject/cssPromise<@resource://gre/modules/ExtensionContent.jsm:526:36
Current stack
runSafeSyncWithoutClone@resource://gre/modules/ExtensionCommon.jsm:80:9
inject/cssPromise<@resource://gre/modules/ExtensionContent.jsm:526:36
]]
Extension error: [Exception... "Component returned failure code: 0x80070057 (NS_ERROR_ILLEGAL_VALUE) [nsIDOMWindowUtils.addSheet]"  nsresult: "0x80070057 (NS_ERROR_ILLEGAL_VALUE)"  location: "JS frame :: resource://gre/modules/ExtensionCommon.jsm :: runSafeSyncWithoutClone :: line 74"  data: no] undefined 74
[[Exception stack
runSafeSyncWithoutClone@resource://gre/modules/ExtensionCommon.jsm:74:12
inject/cssPromise<@resource://gre/modules/ExtensionContent.jsm:526:36
Current stack
runSafeSyncWithoutClone@resource://gre/modules/ExtensionCommon.jsm:80:9
inject/cssPromise<@resource://gre/modules/ExtensionContent.jsm:526:36
]]
Extension error: [Exception... "Component returned failure code: 0x80070057 (NS_ERROR_ILLEGAL_VALUE) [nsIDOMWindowUtils.addSheet]"  nsresult: "0x80070057 (NS_ERROR_ILLEGAL_VALUE)"  location: "JS frame :: resource://gre/modules/ExtensionCommon.jsm :: runSafeSyncWithoutClone :: line 74"  data: no] undefined 74
[[Exception stack
runSafeSyncWithoutClone@resource://gre/modules/ExtensionCommon.jsm:74:12
inject/cssPromise<@resource://gre/modules/ExtensionContent.jsm:526:36
Current stack
runSafeSyncWithoutClone@resource://gre/modules/ExtensionCommon.jsm:80:9
inject/cssPromise<@resource://gre/modules/ExtensionContent.jsm:526:36
]]
Extension error: [Exception... "Component returned failure code: 0x80070057 (NS_ERROR_ILLEGAL_VALUE) [nsIDOMWindowUtils.addSheet]"  nsresult: "0x80070057 (NS_ERROR_ILLEGAL_VALUE)"  location: "JS frame :: resource://gre/modules/ExtensionCommon.jsm :: runSafeSyncWithoutClone :: line 74"  data: no] undefined 74
[[Exception stack
runSafeSyncWithoutClone@resource://gre/modules/ExtensionCommon.jsm:74:12
inject/cssPromise<@resource://gre/modules/ExtensionContent.jsm:526:36
Current stack
runSafeSyncWithoutClone@resource://gre/modules/ExtensionCommon.jsm:80:9
inject/cssPromise<@resource://gre/modules/ExtensionContent.jsm:526:36
]]
Extension error: [Exception... "Component returned failure code: 0x80070057 (NS_ERROR_ILLEGAL_VALUE) [nsIDOMWindowUtils.addSheet]"  nsresult: "0x80070057 (NS_ERROR_ILLEGAL_VALUE)"  location: "JS frame :: resource://gre/modules/ExtensionCommon.jsm :: runSafeSyncWithoutClone :: line 74"  data: no] undefined 74
[[Exception stack
runSafeSyncWithoutClone@resource://gre/modules/ExtensionCommon.jsm:74:12
inject/cssPromise<@resource://gre/modules/ExtensionContent.jsm:526:36
Current stack
runSafeSyncWithoutClone@resource://gre/modules/ExtensionCommon.jsm:80:9
inject/cssPromise<@resource://gre/modules/ExtensionContent.jsm:526:36
]]
Extension error: [Exception... "Component returned failure code: 0x80070057 (NS_ERROR_ILLEGAL_VALUE) [nsIDOMWindowUtils.addSheet]"  nsresult: "0x80070057 (NS_ERROR_ILLEGAL_VALUE)"  location: "JS frame :: resource://gre/modules/ExtensionCommon.jsm :: runSafeSyncWithoutClone :: line 74"  data: no] undefined 74
[[Exception stack
runSafeSyncWithoutClone@resource://gre/modules/ExtensionCommon.jsm:74:12
inject/cssPromise<@resource://gre/modules/ExtensionContent.jsm:526:36
Current stack
runSafeSyncWithoutClone@resource://gre/modules/ExtensionCommon.jsm:80:9
inject/cssPromise<@resource://gre/modules/ExtensionContent.jsm:526:36
]]
Extension error: [Exception... "Component returned failure code: 0x80070057 (NS_ERROR_ILLEGAL_VALUE) [nsIDOMWindowUtils.addSheet]"  nsresult: "0x80070057 (NS_ERROR_ILLEGAL_VALUE)"  location: "JS frame :: resource://gre/modules/ExtensionCommon.jsm :: runSafeSyncWithoutClone :: line 74"  data: no] undefined 74
[[Exception stack
runSafeSyncWithoutClone@resource://gre/modules/ExtensionCommon.jsm:74:12
inject/cssPromise<@resource://gre/modules/ExtensionContent.jsm:526:36
Current stack
runSafeSyncWithoutClone@resource://gre/modules/ExtensionCommon.jsm:80:9
inject/cssPromise<@resource://gre/modules/ExtensionContent.jsm:526:36
]]
Extension error: [Exception... "Component returned failure code: 0x80070057 (NS_ERROR_ILLEGAL_VALUE) [nsIDOMWindowUtils.addSheet]"  nsresult: "0x80070057 (NS_ERROR_ILLEGAL_VALUE)"  location: "JS frame :: resource://gre/modules/ExtensionCommon.jsm :: runSafeSyncWithoutClone :: line 74"  data: no] undefined 74
[[Exception stack
runSafeSyncWithoutClone@resource://gre/modules/ExtensionCommon.jsm:74:12
inject/cssPromise<@resource://gre/modules/ExtensionContent.jsm:526:36
Current stack
runSafeSyncWithoutClone@resource://gre/modules/ExtensionCommon.jsm:80:9
inject/cssPromise<@resource://gre/modules/ExtensionContent.jsm:526:36
]]
Extension error: [Exception... "Component returned failure code: 0x80070057 (NS_ERROR_ILLEGAL_VALUE) [nsIDOMWindowUtils.addSheet]"  nsresult: "0x80070057 (NS_ERROR_ILLEGAL_VALUE)"  location: "JS frame :: resource://gre/modules/ExtensionCommon.jsm :: runSafeSyncWithoutClone :: line 74"  data: no] undefined 74
[[Exception stack
runSafeSyncWithoutClone@resource://gre/modules/ExtensionCommon.jsm:74:12
inject/cssPromise<@resource://gre/modules/ExtensionContent.jsm:526:36
Current stack
runSafeSyncWithoutClone@resource://gre/modules/ExtensionCommon.jsm:80:9
inject/cssPromise<@resource://gre/modules/ExtensionContent.jsm:526:36
]]
Extension error: [Exception... "Component returned failure code: 0x80070057 (NS_ERROR_ILLEGAL_VALUE) [nsIDOMWindowUtils.addSheet]"  nsresult: "0x80070057 (NS_ERROR_ILLEGAL_VALUE)"  location: "JS frame :: resource://gre/modules/ExtensionCommon.jsm :: runSafeSyncWithoutClone :: line 74"  data: no] undefined 74
[[Exception stack
runSafeSyncWithoutClone@resource://gre/modules/ExtensionCommon.jsm:74:12
inject/cssPromise<@resource://gre/modules/ExtensionContent.jsm:526:36
Current stack
runSafeSyncWithoutClone@resource://gre/modules/ExtensionCommon.jsm:80:9
inject/cssPromise<@resource://gre/modules/ExtensionContent.jsm:526:36
]]
Extension error: [Exception... "Component returned failure code: 0x80070057 (NS_ERROR_ILLEGAL_VALUE) [nsIDOMWindowUtils.addSheet]"  nsresult: "0x80070057 (NS_ERROR_ILLEGAL_VALUE)"  location: "JS frame :: resource://gre/modules/ExtensionCommon.jsm :: runSafeSyncWithoutClone :: line 74"  data: no] undefined 74
[[Exception stack
runSafeSyncWithoutClone@resource://gre/modules/ExtensionCommon.jsm:74:12
inject/cssPromise<@resource://gre/modules/ExtensionContent.jsm:526:36
Current stack
runSafeSyncWithoutClone@resource://gre/modules/ExtensionCommon.jsm:80:9
inject/cssPromise<@resource://gre/modules/ExtensionContent.jsm:526:36
]]
Extension error: [Exception... "Component returned failure code: 0x80070057 (NS_ERROR_ILLEGAL_VALUE) [nsIDOMWindowUtils.addSheet]"  nsresult: "0x80070057 (NS_ERROR_ILLEGAL_VALUE)"  location: "JS frame :: resource://gre/modules/ExtensionCommon.jsm :: runSafeSyncWithoutClone :: line 74"  data: no] undefined 74
[[Exception stack
runSafeSyncWithoutClone@resource://gre/modules/ExtensionCommon.jsm:74:12
inject/cssPromise<@resource://gre/modules/ExtensionContent.jsm:526:36
Current stack
runSafeSyncWithoutClone@resource://gre/modules/ExtensionCommon.jsm:80:9
inject/cssPromise<@resource://gre/modules/ExtensionContent.jsm:526:36
]]
Extension error: [Exception... "Component returned failure code: 0x80070057 (NS_ERROR_ILLEGAL_VALUE) [nsIDOMWindowUtils.addSheet]"  nsresult: "0x80070057 (NS_ERROR_ILLEGAL_VALUE)"  location: "JS frame :: resource://gre/modules/ExtensionCommon.jsm :: runSafeSyncWithoutClone :: line 74"  data: no] undefined 74
[[Exception stack
runSafeSyncWithoutClone@resource://gre/modules/ExtensionCommon.jsm:74:12
inject/cssPromise<@resource://gre/modules/ExtensionContent.jsm:526:36
Current stack
runSafeSyncWithoutClone@resource://gre/modules/ExtensionCommon.jsm:80:9
inject/cssPromise<@resource://gre/modules/ExtensionContent.jsm:526:36
]]
Extension error: [Exception... "Component returned failure code: 0x80070057 (NS_ERROR_ILLEGAL_VALUE) [nsIDOMWindowUtils.addSheet]"  nsresult: "0x80070057 (NS_ERROR_ILLEGAL_VALUE)"  location: "JS frame :: resource://gre/modules/ExtensionCommon.jsm :: runSafeSyncWithoutClone :: line 74"  data: no] undefined 74
[[Exception stack
runSafeSyncWithoutClone@resource://gre/modules/ExtensionCommon.jsm:74:12
inject/cssPromise<@resource://gre/modules/ExtensionContent.jsm:526:36
Current stack
runSafeSyncWithoutClone@resource://gre/modules/ExtensionCommon.jsm:80:9
inject/cssPromise<@resource://gre/modules/ExtensionContent.jsm:526:36
]]
Extension error: [Exception... "Component returned failure code: 0x80070057 (NS_ERROR_ILLEGAL_VALUE) [nsIDOMWindowUtils.addSheet]"  nsresult: "0x80070057 (NS_ERROR_ILLEGAL_VALUE)"  location: "JS frame :: resource://gre/modules/ExtensionCommon.jsm :: runSafeSyncWithoutClone :: line 74"  data: no] undefined 74
[[Exception stack
runSafeSyncWithoutClone@resource://gre/modules/ExtensionCommon.jsm:74:12
inject/cssPromise<@resource://gre/modules/ExtensionContent.jsm:526:36
Current stack
runSafeSyncWithoutClone@resource://gre/modules/ExtensionCommon.jsm:80:9
inject/cssPromise<@resource://gre/modules/ExtensionContent.jsm:526:36
]]
Extension error: [Exception... "Component returned failure code: 0x80070057 (NS_ERROR_ILLEGAL_VALUE) [nsIDOMWindowUtils.addSheet]"  nsresult: "0x80070057 (NS_ERROR_ILLEGAL_VALUE)"  location: "JS frame :: resource://gre/modules/ExtensionCommon.jsm :: runSafeSyncWithoutClone :: line 74"  data: no] undefined 74
[[Exception stack
runSafeSyncWithoutClone@resource://gre/modules/ExtensionCommon.jsm:74:12
inject/cssPromise<@resource://gre/modules/ExtensionContent.jsm:526:36
Current stack
runSafeSyncWithoutClone@resource://gre/modules/ExtensionCommon.jsm:80:9
inject/cssPromise<@resource://gre/modules/ExtensionContent.jsm:526:36
]]
Extension error: [Exception... "Component returned failure code: 0x80070057 (NS_ERROR_ILLEGAL_VALUE) [nsIDOMWindowUtils.addSheet]"  nsresult: "0x80070057 (NS_ERROR_ILLEGAL_VALUE)"  location: "JS frame :: resource://gre/modules/ExtensionCommon.jsm :: runSafeSyncWithoutClone :: line 74"  data: no] undefined 74
[[Exception stack
runSafeSyncWithoutClone@resource://gre/modules/ExtensionCommon.jsm:74:12
inject/cssPromise<@resource://gre/modules/ExtensionContent.jsm:526:36
Current stack
runSafeSyncWithoutClone@resource://gre/modules/ExtensionCommon.jsm:80:9
inject/cssPromise<@resource://gre/modules/ExtensionContent.jsm:526:36
]]
Extension error: [Exception... "Component returned failure code: 0x80070057 (NS_ERROR_ILLEGAL_VALUE) [nsIDOMWindowUtils.addSheet]"  nsresult: "0x80070057 (NS_ERROR_ILLEGAL_VALUE)"  location: "JS frame :: resource://gre/modules/ExtensionCommon.jsm :: runSafeSyncWithoutClone :: line 74"  data: no] undefined 74
[[Exception stack
runSafeSyncWithoutClone@resource://gre/modules/ExtensionCommon.jsm:74:12
inject/cssPromise<@resource://gre/modules/ExtensionContent.jsm:526:36
Current stack
runSafeSyncWithoutClone@resource://gre/modules/ExtensionCommon.jsm:80:9
inject/cssPromise<@resource://gre/modules/ExtensionContent.jsm:526:36
]]
Extension error: [Exception... "Component returned failure code: 0x80070057 (NS_ERROR_ILLEGAL_VALUE) [nsIDOMWindowUtils.addSheet]"  nsresult: "0x80070057 (NS_ERROR_ILLEGAL_VALUE)"  location: "JS frame :: resource://gre/modules/ExtensionCommon.jsm :: runSafeSyncWithoutClone :: line 74"  data: no] undefined 74
[[Exception stack
runSafeSyncWithoutClone@resource://gre/modules/ExtensionCommon.jsm:74:12
inject/cssPromise<@resource://gre/modules/ExtensionContent.jsm:526:36
Current stack
runSafeSyncWithoutClone@resource://gre/modules/ExtensionCommon.jsm:80:9
inject/cssPromise<@resource://gre/modules/ExtensionContent.jsm:526:36
]]
Extension error: [Exception... "Component returned failure code: 0x80070057 (NS_ERROR_ILLEGAL_VALUE) [nsIDOMWindowUtils.addSheet]"  nsresult: "0x80070057 (NS_ERROR_ILLEGAL_VALUE)"  location: "JS frame :: resource://gre/modules/ExtensionCommon.jsm :: runSafeSyncWithoutClone :: line 74"  data: no] undefined 74
[[Exception stack
runSafeSyncWithoutClone@resource://gre/modules/ExtensionCommon.jsm:74:12
inject/cssPromise<@resource://gre/modules/ExtensionContent.jsm:526:36
Current stack
runSafeSyncWithoutClone@resource://gre/modules/ExtensionCommon.jsm:80:9
inject/cssPromise<@resource://gre/modules/ExtensionContent.jsm:526:36
]]
Extension error: [Exception... "Component returned failure code: 0x80070057 (NS_ERROR_ILLEGAL_VALUE) [nsIDOMWindowUtils.addSheet]"  nsresult: "0x80070057 (NS_ERROR_ILLEGAL_VALUE)"  location: "JS frame :: resource://gre/modules/ExtensionCommon.jsm :: runSafeSyncWithoutClone :: line 74"  data: no] undefined 74
[[Exception stack
runSafeSyncWithoutClone@resource://gre/modules/ExtensionCommon.jsm:74:12
inject/cssPromise<@resource://gre/modules/ExtensionContent.jsm:526:36
Current stack
runSafeSyncWithoutClone@resource://gre/modules/ExtensionCommon.jsm:80:9
inject/cssPromise<@resource://gre/modules/ExtensionContent.jsm:526:36
]]
Extension error: [Exception... "Component returned failure code: 0x80070057 (NS_ERROR_ILLEGAL_VALUE) [nsIDOMWindowUtils.addSheet]"  nsresult: "0x80070057 (NS_ERROR_ILLEGAL_VALUE)"  location: "JS frame :: resource://gre/modules/ExtensionCommon.jsm :: runSafeSyncWithoutClone :: line 74"  data: no] undefined 74
[[Exception stack
runSafeSyncWithoutClone@resource://gre/modules/ExtensionCommon.jsm:74:12
inject/cssPromise<@resource://gre/modules/ExtensionContent.jsm:526:36
Current stack
runSafeSyncWithoutClone@resource://gre/modules/ExtensionCommon.jsm:80:9
inject/cssPromise<@resource://gre/modules/ExtensionContent.jsm:526:36
]]
JavaScript error: moz-extension://7555f7ea-aeed-4101-a756-4da84fd60870/dist/background.js, line 620: Error: Promised response from onMessage listener went out of scope
JavaScript error: moz-extension://7555f7ea-aeed-4101-a756-4da84fd60870/dist/background.js, line 620: Error: Promised response from onMessage listener went out of scope
JavaScript error: moz-extension://7555f7ea-aeed-4101-a756-4da84fd60870/dist/background.js, line 620: Error: Promised response from onMessage listener went out of scope
JavaScript error: moz-extension://7555f7ea-aeed-4101-a756-4da84fd60870/dist/background.js, line 620: Error: Promised response from onMessage listener went out of scope
JavaScript error: moz-extension://7555f7ea-aeed-4101-a756-4da84fd60870/dist/background.js, line 620: Error: Promised response from onMessage listener went out of scope
JavaScript error: moz-extension://7555f7ea-aeed-4101-a756-4da84fd60870/dist/background.js, line 620: Error: Promised response from onMessage listener went out of scope
JavaScript error: moz-extension://7555f7ea-aeed-4101-a756-4da84fd60870/dist/background.js, line 620: Error: Promised response from onMessage listener went out of scope
JavaScript error: moz-extension://7555f7ea-aeed-4101-a756-4da84fd60870/dist/background.js, line 620: Error: Promised response from onMessage listener went out of scope
JavaScript error: moz-extension://7555f7ea-aeed-4101-a756-4da84fd60870/dist/background.js, line 620: Error: Promised response from onMessage listener went out of scope
JavaScript error: moz-extension://7555f7ea-aeed-4101-a756-4da84fd60870/dist/background.js, line 620: Error: Promised response from onMessage listener went out of scope
JavaScript error: moz-extension://7555f7ea-aeed-4101-a756-4da84fd60870/dist/background.js, line 620: Error: Promised response from onMessage listener went out of scope
JavaScript error: moz-extension://7555f7ea-aeed-4101-a756-4da84fd60870/dist/background.js, line 620: Error: Promised response from onMessage listener went out of scope
JavaScript error: moz-extension://7555f7ea-aeed-4101-a756-4da84fd60870/dist/background.js, line 620: Error: Promised response from onMessage listener went out of scope
JavaScript error: moz-extension://7555f7ea-aeed-4101-a756-4da84fd60870/dist/background.js, line 620: Error: Promised response from onMessage listener went out of scope
JavaScript error: moz-extension://7555f7ea-aeed-4101-a756-4da84fd60870/dist/background.js, line 620: Error: Promised response from onMessage listener went out of scope
JavaScript error: moz-extension://7555f7ea-aeed-4101-a756-4da84fd60870/dist/background.js, line 620: Error: Promised response from onMessage listener went out of scope
JavaScript error: moz-extension://7555f7ea-aeed-4101-a756-4da84fd60870/dist/background.js, line 620: Error: Promised response from onMessage listener went out of scope
JavaScript error: moz-extension://7555f7ea-aeed-4101-a756-4da84fd60870/dist/background.js, line 620: Error: Promised response from onMessage listener went out of scope
JavaScript error: moz-extension://7555f7ea-aeed-4101-a756-4da84fd60870/dist/background.js, line 620: Error: Promised response from onMessage listener went out of scope
JavaScript error: moz-extension://7555f7ea-aeed-4101-a756-4da84fd60870/dist/background.js, line 620: Error: Promised response from onMessage listener went out of scope
JavaScript error: moz-extension://7555f7ea-aeed-4101-a756-4da84fd60870/dist/background.js, line 620: Error: Promised response from onMessage listener went out of scope
JavaScript error: moz-extension://7555f7ea-aeed-4101-a756-4da84fd60870/dist/background.js, line 620: Error: Promised response from onMessage listener went out of scope
JavaScript error: moz-extension://7555f7ea-aeed-4101-a756-4da84fd60870/dist/background.js, line 620: Error: Promised response from onMessage listener went out of scope
JavaScript error: moz-extension://7555f7ea-aeed-4101-a756-4da84fd60870/dist/background.js, line 620: Error: Promised response from onMessage listener went out of scope
JavaScript error: moz-extension://7555f7ea-aeed-4101-a756-4da84fd60870/dist/background.js, line 620: Error: Promised response from onMessage listener went out of scope
JavaScript error: moz-extension://7555f7ea-aeed-4101-a756-4da84fd60870/dist/background.js, line 620: Error: Promised response from onMessage listener went out of scope
JavaScript error: moz-extension://7555f7ea-aeed-4101-a756-4da84fd60870/dist/background.js, line 620: Error: Promised response from onMessage listener went out of scope
JavaScript error: moz-extension://7555f7ea-aeed-4101-a756-4da84fd60870/dist/background.js, line 620: Error: Promised response from onMessage listener went out of scope
JavaScript error: moz-extension://7555f7ea-aeed-4101-a756-4da84fd60870/dist/background.js, line 620: Error: Promised response from onMessage listener went out of scope
JavaScript error: moz-extension://7555f7ea-aeed-4101-a756-4da84fd60870/dist/background.js, line 620: Error: Promised response from onMessage listener went out of scope
JavaScript error: moz-extension://7555f7ea-aeed-4101-a756-4da84fd60870/dist/background.js, line 620: Error: Promised response from onMessage listener went out of scope
JavaScript error: moz-extension://7555f7ea-aeed-4101-a756-4da84fd60870/dist/background.js, line 620: Error: Promised response from onMessage listener went out of scope
JavaScript error: moz-extension://7555f7ea-aeed-4101-a756-4da84fd60870/dist/background.js, line 620: Error: Promised response from onMessage listener went out of scope
JavaScript error: moz-extension://7555f7ea-aeed-4101-a756-4da84fd60870/dist/background.js, line 620: Error: Promised response from onMessage listener went out of scope
JavaScript error: moz-extension://7555f7ea-aeed-4101-a756-4da84fd60870/dist/background.js, line 620: Error: Promised response from onMessage listener went out of scope
JavaScript error: moz-extension://7555f7ea-aeed-4101-a756-4da84fd60870/dist/background.js, line 620: Error: Promised response from onMessage listener went out of scope
JavaScript error: moz-extension://7555f7ea-aeed-4101-a756-4da84fd60870/dist/background.js, line 620: Error: Promised response from onMessage listener went out of scope
1607125918599	geckodriver	INFO	Listening on 127.0.0.1:55925
1607125918609	mozrunner::runner	INFO	Running command: "/usr/bin/firefox" "--marionette" "-headless" "-foreground" "-no-remote" "-profile" "/tmp/rust_mozprofiledCrF3t"
*** You are running in headless mode.
console.warn: SearchSettings: "get: No settings file exists, new profile?" (new Error("", "(unknown module)"))
1607125920880	Marionette	INFO	Listening on port 45339
1607125920935	Marionette	WARN	TLS certificate errors will be ignored for this session
1607125922662	Marionette	INFO	Stopped listening on port 45339
console.warn: services.settings: main/message-groups sync interrupted by shutdown
Exiting due to channel error.
Exiting due to channel error.
Exiting due to channel error.
Exiting due to channel error.
Exiting due to channel error.
Exiting due to channel error.
1607126315337	geckodriver	INFO	Listening on 127.0.0.1:40855
1607126315340	mozrunner::runner	INFO	Running command: "/usr/bin/firefox" "--marionette" "-headless" "-foreground" "-no-remote" "-profile" "/tmp/rust_mozprofilekA6QRm"
*** You are running in headless mode.
console.warn: SearchSettings: "get: No settings file exists, new profile?" (new Error("", "(unknown module)"))
1607126317859	Marionette	INFO	Listening on port 36791
1607126317999	Marionette	WARN	TLS certificate errors will be ignored for this session
Extension error: [Exception... "Component returned failure code: 0x80070057 (NS_ERROR_ILLEGAL_VALUE) [nsIDOMWindowUtils.addSheet]"  nsresult: "0x80070057 (NS_ERROR_ILLEGAL_VALUE)"  location: "JS frame :: resource://gre/modules/ExtensionCommon.jsm :: runSafeSyncWithoutClone :: line 74"  data: no] undefined 74
[[Exception stack
runSafeSyncWithoutClone@resource://gre/modules/ExtensionCommon.jsm:74:12
inject/cssPromise<@resource://gre/modules/ExtensionContent.jsm:526:36
Current stack
runSafeSyncWithoutClone@resource://gre/modules/ExtensionCommon.jsm:80:9
inject/cssPromise<@resource://gre/modules/ExtensionContent.jsm:526:36
]]
Extension error: [Exception... "Component returned failure code: 0x80070057 (NS_ERROR_ILLEGAL_VALUE) [nsIDOMWindowUtils.addSheet]"  nsresult: "0x80070057 (NS_ERROR_ILLEGAL_VALUE)"  location: "JS frame :: resource://gre/modules/ExtensionCommon.jsm :: runSafeSyncWithoutClone :: line 74"  data: no] undefined 74
[[Exception stack
runSafeSyncWithoutClone@resource://gre/modules/ExtensionCommon.jsm:74:12
inject/cssPromise<@resource://gre/modules/ExtensionContent.jsm:526:36
Current stack
runSafeSyncWithoutClone@resource://gre/modules/ExtensionCommon.jsm:80:9
inject/cssPromise<@resource://gre/modules/ExtensionContent.jsm:526:36
]]
Extension error: [Exception... "Component returned failure code: 0x80070057 (NS_ERROR_ILLEGAL_VALUE) [nsIDOMWindowUtils.addSheet]"  nsresult: "0x80070057 (NS_ERROR_ILLEGAL_VALUE)"  location: "JS frame :: resource://gre/modules/ExtensionCommon.jsm :: runSafeSyncWithoutClone :: line 74"  data: no] undefined 74
[[Exception stack
runSafeSyncWithoutClone@resource://gre/modules/ExtensionCommon.jsm:74:12
inject/cssPromise<@resource://gre/modules/ExtensionContent.jsm:526:36
Current stack
runSafeSyncWithoutClone@resource://gre/modules/ExtensionCommon.jsm:80:9
inject/cssPromise<@resource://gre/modules/ExtensionContent.jsm:526:36
]]
Extension error: [Exception... "Component returned failure code: 0x80070057 (NS_ERROR_ILLEGAL_VALUE) [nsIDOMWindowUtils.addSheet]"  nsresult: "0x80070057 (NS_ERROR_ILLEGAL_VALUE)"  location: "JS frame :: resource://gre/modules/ExtensionCommon.jsm :: runSafeSyncWithoutClone :: line 74"  data: no] undefined 74
[[Exception stack
runSafeSyncWithoutClone@resource://gre/modules/ExtensionCommon.jsm:74:12
inject/cssPromise<@resource://gre/modules/ExtensionContent.jsm:526:36
Current stack
runSafeSyncWithoutClone@resource://gre/modules/ExtensionCommon.jsm:80:9
inject/cssPromise<@resource://gre/modules/ExtensionContent.jsm:526:36
]]
Extension error: [Exception... "Component returned failure code: 0x80070057 (NS_ERROR_ILLEGAL_VALUE) [nsIDOMWindowUtils.addSheet]"  nsresult: "0x80070057 (NS_ERROR_ILLEGAL_VALUE)"  location: "JS frame :: resource://gre/modules/ExtensionCommon.jsm :: runSafeSyncWithoutClone :: line 74"  data: no] undefined 74
[[Exception stack
runSafeSyncWithoutClone@resource://gre/modules/ExtensionCommon.jsm:74:12
inject/cssPromise<@resource://gre/modules/ExtensionContent.jsm:526:36
Current stack
runSafeSyncWithoutClone@resource://gre/modules/ExtensionCommon.jsm:80:9
inject/cssPromise<@resource://gre/modules/ExtensionContent.jsm:526:36
]]
Extension error: [Exception... "Component returned failure code: 0x80070057 (NS_ERROR_ILLEGAL_VALUE) [nsIDOMWindowUtils.addSheet]"  nsresult: "0x80070057 (NS_ERROR_ILLEGAL_VALUE)"  location: "JS frame :: resource://gre/modules/ExtensionCommon.jsm :: runSafeSyncWithoutClone :: line 74"  data: no] undefined 74
[[Exception stack
runSafeSyncWithoutClone@resource://gre/modules/ExtensionCommon.jsm:74:12
inject/cssPromise<@resource://gre/modules/ExtensionContent.jsm:526:36
Current stack
runSafeSyncWithoutClone@resource://gre/modules/ExtensionCommon.jsm:80:9
inject/cssPromise<@resource://gre/modules/ExtensionContent.jsm:526:36
]]
Extension error: [Exception... "Component returned failure code: 0x80070057 (NS_ERROR_ILLEGAL_VALUE) [nsIDOMWindowUtils.addSheet]"  nsresult: "0x80070057 (NS_ERROR_ILLEGAL_VALUE)"  location: "JS frame :: resource://gre/modules/ExtensionCommon.jsm :: runSafeSyncWithoutClone :: line 74"  data: no] undefined 74
[[Exception stack
runSafeSyncWithoutClone@resource://gre/modules/ExtensionCommon.jsm:74:12
inject/cssPromise<@resource://gre/modules/ExtensionContent.jsm:526:36
Current stack
runSafeSyncWithoutClone@resource://gre/modules/ExtensionCommon.jsm:80:9
inject/cssPromise<@resource://gre/modules/ExtensionContent.jsm:526:36
]]
Extension error: [Exception... "Component returned failure code: 0x80070057 (NS_ERROR_ILLEGAL_VALUE) [nsIDOMWindowUtils.addSheet]"  nsresult: "0x80070057 (NS_ERROR_ILLEGAL_VALUE)"  location: "JS frame :: resource://gre/modules/ExtensionCommon.jsm :: runSafeSyncWithoutClone :: line 74"  data: no] undefined 74
[[Exception stack
runSafeSyncWithoutClone@resource://gre/modules/ExtensionCommon.jsm:74:12
inject/cssPromise<@resource://gre/modules/ExtensionContent.jsm:526:36
Current stack
runSafeSyncWithoutClone@resource://gre/modules/ExtensionCommon.jsm:80:9
inject/cssPromise<@resource://gre/modules/ExtensionContent.jsm:526:36
]]
Extension error: [Exception... "Component returned failure code: 0x80070057 (NS_ERROR_ILLEGAL_VALUE) [nsIDOMWindowUtils.addSheet]"  nsresult: "0x80070057 (NS_ERROR_ILLEGAL_VALUE)"  location: "JS frame :: resource://gre/modules/ExtensionCommon.jsm :: runSafeSyncWithoutClone :: line 74"  data: no] undefined 74
[[Exception stack
runSafeSyncWithoutClone@resource://gre/modules/ExtensionCommon.jsm:74:12
inject/cssPromise<@resource://gre/modules/ExtensionContent.jsm:526:36
Current stack
runSafeSyncWithoutClone@resource://gre/modules/ExtensionCommon.jsm:80:9
inject/cssPromise<@resource://gre/modules/ExtensionContent.jsm:526:36
]]
Extension error: [Exception... "Component returned failure code: 0x80070057 (NS_ERROR_ILLEGAL_VALUE) [nsIDOMWindowUtils.addSheet]"  nsresult: "0x80070057 (NS_ERROR_ILLEGAL_VALUE)"  location: "JS frame :: resource://gre/modules/ExtensionCommon.jsm :: runSafeSyncWithoutClone :: line 74"  data: no] undefined 74
[[Exception stack
runSafeSyncWithoutClone@resource://gre/modules/ExtensionCommon.jsm:74:12
inject/cssPromise<@resource://gre/modules/ExtensionContent.jsm:526:36
Current stack
runSafeSyncWithoutClone@resource://gre/modules/ExtensionCommon.jsm:80:9
inject/cssPromise<@resource://gre/modules/ExtensionContent.jsm:526:36
]]
Extension error: [Exception... "Component returned failure code: 0x80070057 (NS_ERROR_ILLEGAL_VALUE) [nsIDOMWindowUtils.addSheet]"  nsresult: "0x80070057 (NS_ERROR_ILLEGAL_VALUE)"  location: "JS frame :: resource://gre/modules/ExtensionCommon.jsm :: runSafeSyncWithoutClone :: line 74"  data: no] undefined 74
[[Exception stack
runSafeSyncWithoutClone@resource://gre/modules/ExtensionCommon.jsm:74:12
inject/cssPromise<@resource://gre/modules/ExtensionContent.jsm:526:36
Current stack
runSafeSyncWithoutClone@resource://gre/modules/ExtensionCommon.jsm:80:9
inject/cssPromise<@resource://gre/modules/ExtensionContent.jsm:526:36
]]
Extension error: [Exception... "Component returned failure code: 0x80070057 (NS_ERROR_ILLEGAL_VALUE) [nsIDOMWindowUtils.addSheet]"  nsresult: "0x80070057 (NS_ERROR_ILLEGAL_VALUE)"  location: "JS frame :: resource://gre/modules/ExtensionCommon.jsm :: runSafeSyncWithoutClone :: line 74"  data: no] undefined 74
[[Exception stack
runSafeSyncWithoutClone@resource://gre/modules/ExtensionCommon.jsm:74:12
inject/cssPromise<@resource://gre/modules/ExtensionContent.jsm:526:36
Current stack
runSafeSyncWithoutClone@resource://gre/modules/ExtensionCommon.jsm:80:9
inject/cssPromise<@resource://gre/modules/ExtensionContent.jsm:526:36
]]
Extension error: [Exception... "Component returned failure code: 0x80070057 (NS_ERROR_ILLEGAL_VALUE) [nsIDOMWindowUtils.addSheet]"  nsresult: "0x80070057 (NS_ERROR_ILLEGAL_VALUE)"  location: "JS frame :: resource://gre/modules/ExtensionCommon.jsm :: runSafeSyncWithoutClone :: line 74"  data: no] undefined 74
[[Exception stack
runSafeSyncWithoutClone@resource://gre/modules/ExtensionCommon.jsm:74:12
inject/cssPromise<@resource://gre/modules/ExtensionContent.jsm:526:36
Current stack
runSafeSyncWithoutClone@resource://gre/modules/ExtensionCommon.jsm:80:9
inject/cssPromise<@resource://gre/modules/ExtensionContent.jsm:526:36
]]
Extension error: [Exception... "Component returned failure code: 0x80070057 (NS_ERROR_ILLEGAL_VALUE) [nsIDOMWindowUtils.addSheet]"  nsresult: "0x80070057 (NS_ERROR_ILLEGAL_VALUE)"  location: "JS frame :: resource://gre/modules/ExtensionCommon.jsm :: runSafeSyncWithoutClone :: line 74"  data: no] undefined 74
[[Exception stack
runSafeSyncWithoutClone@resource://gre/modules/ExtensionCommon.jsm:74:12
inject/cssPromise<@resource://gre/modules/ExtensionContent.jsm:526:36
Current stack
runSafeSyncWithoutClone@resource://gre/modules/ExtensionCommon.jsm:80:9
inject/cssPromise<@resource://gre/modules/ExtensionContent.jsm:526:36
]]
Extension error: [Exception... "Component returned failure code: 0x80070057 (NS_ERROR_ILLEGAL_VALUE) [nsIDOMWindowUtils.addSheet]"  nsresult: "0x80070057 (NS_ERROR_ILLEGAL_VALUE)"  location: "JS frame :: resource://gre/modules/ExtensionCommon.jsm :: runSafeSyncWithoutClone :: line 74"  data: no] undefined 74
[[Exception stack
runSafeSyncWithoutClone@resource://gre/modules/ExtensionCommon.jsm:74:12
inject/cssPromise<@resource://gre/modules/ExtensionContent.jsm:526:36
Current stack
runSafeSyncWithoutClone@resource://gre/modules/ExtensionCommon.jsm:80:9
inject/cssPromise<@resource://gre/modules/ExtensionContent.jsm:526:36
]]
Extension error: [Exception... "Component returned failure code: 0x80070057 (NS_ERROR_ILLEGAL_VALUE) [nsIDOMWindowUtils.addSheet]"  nsresult: "0x80070057 (NS_ERROR_ILLEGAL_VALUE)"  location: "JS frame :: resource://gre/modules/ExtensionCommon.jsm :: runSafeSyncWithoutClone :: line 74"  data: no] undefined 74
[[Exception stack
runSafeSyncWithoutClone@resource://gre/modules/ExtensionCommon.jsm:74:12
inject/cssPromise<@resource://gre/modules/ExtensionContent.jsm:526:36
Current stack
runSafeSyncWithoutClone@resource://gre/modules/ExtensionCommon.jsm:80:9
inject/cssPromise<@resource://gre/modules/ExtensionContent.jsm:526:36
]]
Extension error: [Exception... "Component returned failure code: 0x80070057 (NS_ERROR_ILLEGAL_VALUE) [nsIDOMWindowUtils.addSheet]"  nsresult: "0x80070057 (NS_ERROR_ILLEGAL_VALUE)"  location: "JS frame :: resource://gre/modules/ExtensionCommon.jsm :: runSafeSyncWithoutClone :: line 74"  data: no] undefined 74
[[Exception stack
runSafeSyncWithoutClone@resource://gre/modules/ExtensionCommon.jsm:74:12
inject/cssPromise<@resource://gre/modules/ExtensionContent.jsm:526:36
Current stack
runSafeSyncWithoutClone@resource://gre/modules/ExtensionCommon.jsm:80:9
inject/cssPromise<@resource://gre/modules/ExtensionContent.jsm:526:36
]]
Extension error: [Exception... "Component returned failure code: 0x80070057 (NS_ERROR_ILLEGAL_VALUE) [nsIDOMWindowUtils.addSheet]"  nsresult: "0x80070057 (NS_ERROR_ILLEGAL_VALUE)"  location: "JS frame :: resource://gre/modules/ExtensionCommon.jsm :: runSafeSyncWithoutClone :: line 74"  data: no] undefined 74
[[Exception stack
runSafeSyncWithoutClone@resource://gre/modules/ExtensionCommon.jsm:74:12
inject/cssPromise<@resource://gre/modules/ExtensionContent.jsm:526:36
Current stack
runSafeSyncWithoutClone@resource://gre/modules/ExtensionCommon.jsm:80:9
inject/cssPromise<@resource://gre/modules/ExtensionContent.jsm:526:36
]]
Extension error: [Exception... "Component returned failure code: 0x80070057 (NS_ERROR_ILLEGAL_VALUE) [nsIDOMWindowUtils.addSheet]"  nsresult: "0x80070057 (NS_ERROR_ILLEGAL_VALUE)"  location: "JS frame :: resource://gre/modules/ExtensionCommon.jsm :: runSafeSyncWithoutClone :: line 74"  data: no] undefined 74
[[Exception stack
runSafeSyncWithoutClone@resource://gre/modules/ExtensionCommon.jsm:74:12
inject/cssPromise<@resource://gre/modules/ExtensionContent.jsm:526:36
Current stack
runSafeSyncWithoutClone@resource://gre/modules/ExtensionCommon.jsm:80:9
inject/cssPromise<@resource://gre/modules/ExtensionContent.jsm:526:36
]]
Extension error: [Exception... "Component returned failure code: 0x80070057 (NS_ERROR_ILLEGAL_VALUE) [nsIDOMWindowUtils.addSheet]"  nsresult: "0x80070057 (NS_ERROR_ILLEGAL_VALUE)"  location: "JS frame :: resource://gre/modules/ExtensionCommon.jsm :: runSafeSyncWithoutClone :: line 74"  data: no] undefined 74
[[Exception stack
runSafeSyncWithoutClone@resource://gre/modules/ExtensionCommon.jsm:74:12
inject/cssPromise<@resource://gre/modules/ExtensionContent.jsm:526:36
Current stack
runSafeSyncWithoutClone@resource://gre/modules/ExtensionCommon.jsm:80:9
inject/cssPromise<@resource://gre/modules/ExtensionContent.jsm:526:36
]]
Extension error: [Exception... "Component returned failure code: 0x80070057 (NS_ERROR_ILLEGAL_VALUE) [nsIDOMWindowUtils.addSheet]"  nsresult: "0x80070057 (NS_ERROR_ILLEGAL_VALUE)"  location: "JS frame :: resource://gre/modules/ExtensionCommon.jsm :: runSafeSyncWithoutClone :: line 74"  data: no] undefined 74
[[Exception stack
runSafeSyncWithoutClone@resource://gre/modules/ExtensionCommon.jsm:74:12
inject/cssPromise<@resource://gre/modules/ExtensionContent.jsm:526:36
Current stack
runSafeSyncWithoutClone@resource://gre/modules/ExtensionCommon.jsm:80:9
inject/cssPromise<@resource://gre/modules/ExtensionContent.jsm:526:36
]]
Extension error: [Exception... "Component returned failure code: 0x80070057 (NS_ERROR_ILLEGAL_VALUE) [nsIDOMWindowUtils.addSheet]"  nsresult: "0x80070057 (NS_ERROR_ILLEGAL_VALUE)"  location: "JS frame :: resource://gre/modules/ExtensionCommon.jsm :: runSafeSyncWithoutClone :: line 74"  data: no] undefined 74
[[Exception stack
runSafeSyncWithoutClone@resource://gre/modules/ExtensionCommon.jsm:74:12
inject/cssPromise<@resource://gre/modules/ExtensionContent.jsm:526:36
Current stack
runSafeSyncWithoutClone@resource://gre/modules/ExtensionCommon.jsm:80:9
inject/cssPromise<@resource://gre/modules/ExtensionContent.jsm:526:36
]]
Extension error: [Exception... "Component returned failure code: 0x80070057 (NS_ERROR_ILLEGAL_VALUE) [nsIDOMWindowUtils.addSheet]"  nsresult: "0x80070057 (NS_ERROR_ILLEGAL_VALUE)"  location: "JS frame :: resource://gre/modules/ExtensionCommon.jsm :: runSafeSyncWithoutClone :: line 74"  data: no] undefined 74
[[Exception stack
runSafeSyncWithoutClone@resource://gre/modules/ExtensionCommon.jsm:74:12
inject/cssPromise<@resource://gre/modules/ExtensionContent.jsm:526:36
Current stack
runSafeSyncWithoutClone@resource://gre/modules/ExtensionCommon.jsm:80:9
inject/cssPromise<@resource://gre/modules/ExtensionContent.jsm:526:36
]]
Extension error: [Exception... "Component returned failure code: 0x80070057 (NS_ERROR_ILLEGAL_VALUE) [nsIDOMWindowUtils.addSheet]"  nsresult: "0x80070057 (NS_ERROR_ILLEGAL_VALUE)"  location: "JS frame :: resource://gre/modules/ExtensionCommon.jsm :: runSafeSyncWithoutClone :: line 74"  data: no] undefined 74
[[Exception stack
runSafeSyncWithoutClone@resource://gre/modules/ExtensionCommon.jsm:74:12
inject/cssPromise<@resource://gre/modules/ExtensionContent.jsm:526:36
Current stack
runSafeSyncWithoutClone@resource://gre/modules/ExtensionCommon.jsm:80:9
inject/cssPromise<@resource://gre/modules/ExtensionContent.jsm:526:36
]]
Extension error: [Exception... "Component returned failure code: 0x80070057 (NS_ERROR_ILLEGAL_VALUE) [nsIDOMWindowUtils.addSheet]"  nsresult: "0x80070057 (NS_ERROR_ILLEGAL_VALUE)"  location: "JS frame :: resource://gre/modules/ExtensionCommon.jsm :: runSafeSyncWithoutClone :: line 74"  data: no] undefined 74
[[Exception stack
runSafeSyncWithoutClone@resource://gre/modules/ExtensionCommon.jsm:74:12
inject/cssPromise<@resource://gre/modules/ExtensionContent.jsm:526:36
Current stack
runSafeSyncWithoutClone@resource://gre/modules/ExtensionCommon.jsm:80:9
inject/cssPromise<@resource://gre/modules/ExtensionContent.jsm:526:36
]]
Extension error: [Exception... "Component returned failure code: 0x80070057 (NS_ERROR_ILLEGAL_VALUE) [nsIDOMWindowUtils.addSheet]"  nsresult: "0x80070057 (NS_ERROR_ILLEGAL_VALUE)"  location: "JS frame :: resource://gre/modules/ExtensionCommon.jsm :: runSafeSyncWithoutClone :: line 74"  data: no] undefined 74
[[Exception stack
runSafeSyncWithoutClone@resource://gre/modules/ExtensionCommon.jsm:74:12
inject/cssPromise<@resource://gre/modules/ExtensionContent.jsm:526:36
Current stack
runSafeSyncWithoutClone@resource://gre/modules/ExtensionCommon.jsm:80:9
inject/cssPromise<@resource://gre/modules/ExtensionContent.jsm:526:36
]]
Extension error: [Exception... "Component returned failure code: 0x80070057 (NS_ERROR_ILLEGAL_VALUE) [nsIDOMWindowUtils.addSheet]"  nsresult: "0x80070057 (NS_ERROR_ILLEGAL_VALUE)"  location: "JS frame :: resource://gre/modules/ExtensionCommon.jsm :: runSafeSyncWithoutClone :: line 74"  data: no] undefined 74
[[Exception stack
runSafeSyncWithoutClone@resource://gre/modules/ExtensionCommon.jsm:74:12
inject/cssPromise<@resource://gre/modules/ExtensionContent.jsm:526:36
Current stack
runSafeSyncWithoutClone@resource://gre/modules/ExtensionCommon.jsm:80:9
inject/cssPromise<@resource://gre/modules/ExtensionContent.jsm:526:36
]]
Extension error: [Exception... "Component returned failure code: 0x80070057 (NS_ERROR_ILLEGAL_VALUE) [nsIDOMWindowUtils.addSheet]"  nsresult: "0x80070057 (NS_ERROR_ILLEGAL_VALUE)"  location: "JS frame :: resource://gre/modules/ExtensionCommon.jsm :: runSafeSyncWithoutClone :: line 74"  data: no] undefined 74
[[Exception stack
runSafeSyncWithoutClone@resource://gre/modules/ExtensionCommon.jsm:74:12
inject/cssPromise<@resource://gre/modules/ExtensionContent.jsm:526:36
Current stack
runSafeSyncWithoutClone@resource://gre/modules/ExtensionCommon.jsm:80:9
inject/cssPromise<@resource://gre/modules/ExtensionContent.jsm:526:36
]]
Extension error: [Exception... "Component returned failure code: 0x80070057 (NS_ERROR_ILLEGAL_VALUE) [nsIDOMWindowUtils.addSheet]"  nsresult: "0x80070057 (NS_ERROR_ILLEGAL_VALUE)"  location: "JS frame :: resource://gre/modules/ExtensionCommon.jsm :: runSafeSyncWithoutClone :: line 74"  data: no] undefined 74
[[Exception stack
runSafeSyncWithoutClone@resource://gre/modules/ExtensionCommon.jsm:74:12
inject/cssPromise<@resource://gre/modules/ExtensionContent.jsm:526:36
Current stack
runSafeSyncWithoutClone@resource://gre/modules/ExtensionCommon.jsm:80:9
inject/cssPromise<@resource://gre/modules/ExtensionContent.jsm:526:36
]]
Extension error: [Exception... "Component returned failure code: 0x80070057 (NS_ERROR_ILLEGAL_VALUE) [nsIDOMWindowUtils.addSheet]"  nsresult: "0x80070057 (NS_ERROR_ILLEGAL_VALUE)"  location: "JS frame :: resource://gre/modules/ExtensionCommon.jsm :: runSafeSyncWithoutClone :: line 74"  data: no] undefined 74
[[Exception stack
runSafeSyncWithoutClone@resource://gre/modules/ExtensionCommon.jsm:74:12
inject/cssPromise<@resource://gre/modules/ExtensionContent.jsm:526:36
Current stack
runSafeSyncWithoutClone@resource://gre/modules/ExtensionCommon.jsm:80:9
inject/cssPromise<@resource://gre/modules/ExtensionContent.jsm:526:36
]]
Extension error: [Exception... "Component returned failure code: 0x80070057 (NS_ERROR_ILLEGAL_VALUE) [nsIDOMWindowUtils.addSheet]"  nsresult: "0x80070057 (NS_ERROR_ILLEGAL_VALUE)"  location: "JS frame :: resource://gre/modules/ExtensionCommon.jsm :: runSafeSyncWithoutClone :: line 74"  data: no] undefined 74
[[Exception stack
runSafeSyncWithoutClone@resource://gre/modules/ExtensionCommon.jsm:74:12
inject/cssPromise<@resource://gre/modules/ExtensionContent.jsm:526:36
Current stack
runSafeSyncWithoutClone@resource://gre/modules/ExtensionCommon.jsm:80:9
inject/cssPromise<@resource://gre/modules/ExtensionContent.jsm:526:36
]]
Extension error: [Exception... "Component returned failure code: 0x80070057 (NS_ERROR_ILLEGAL_VALUE) [nsIDOMWindowUtils.addSheet]"  nsresult: "0x80070057 (NS_ERROR_ILLEGAL_VALUE)"  location: "JS frame :: resource://gre/modules/ExtensionCommon.jsm :: runSafeSyncWithoutClone :: line 74"  data: no] undefined 74
[[Exception stack
runSafeSyncWithoutClone@resource://gre/modules/ExtensionCommon.jsm:74:12
inject/cssPromise<@resource://gre/modules/ExtensionContent.jsm:526:36
Current stack
runSafeSyncWithoutClone@resource://gre/modules/ExtensionCommon.jsm:80:9
inject/cssPromise<@resource://gre/modules/ExtensionContent.jsm:526:36
]]
Extension error: [Exception... "Component returned failure code: 0x80070057 (NS_ERROR_ILLEGAL_VALUE) [nsIDOMWindowUtils.addSheet]"  nsresult: "0x80070057 (NS_ERROR_ILLEGAL_VALUE)"  location: "JS frame :: resource://gre/modules/ExtensionCommon.jsm :: runSafeSyncWithoutClone :: line 74"  data: no] undefined 74
[[Exception stack
runSafeSyncWithoutClone@resource://gre/modules/ExtensionCommon.jsm:74:12
inject/cssPromise<@resource://gre/modules/ExtensionContent.jsm:526:36
Current stack
runSafeSyncWithoutClone@resource://gre/modules/ExtensionCommon.jsm:80:9
inject/cssPromise<@resource://gre/modules/ExtensionContent.jsm:526:36
]]
Extension error: [Exception... "Component returned failure code: 0x80070057 (NS_ERROR_ILLEGAL_VALUE) [nsIDOMWindowUtils.addSheet]"  nsresult: "0x80070057 (NS_ERROR_ILLEGAL_VALUE)"  location: "JS frame :: resource://gre/modules/ExtensionCommon.jsm :: runSafeSyncWithoutClone :: line 74"  data: no] undefined 74
[[Exception stack
runSafeSyncWithoutClone@resource://gre/modules/ExtensionCommon.jsm:74:12
inject/cssPromise<@resource://gre/modules/ExtensionContent.jsm:526:36
Current stack
runSafeSyncWithoutClone@resource://gre/modules/ExtensionCommon.jsm:80:9
inject/cssPromise<@resource://gre/modules/ExtensionContent.jsm:526:36
]]
Extension error: [Exception... "Component returned failure code: 0x80070057 (NS_ERROR_ILLEGAL_VALUE) [nsIDOMWindowUtils.addSheet]"  nsresult: "0x80070057 (NS_ERROR_ILLEGAL_VALUE)"  location: "JS frame :: resource://gre/modules/ExtensionCommon.jsm :: runSafeSyncWithoutClone :: line 74"  data: no] undefined 74
[[Exception stack
runSafeSyncWithoutClone@resource://gre/modules/ExtensionCommon.jsm:74:12
inject/cssPromise<@resource://gre/modules/ExtensionContent.jsm:526:36
Current stack
runSafeSyncWithoutClone@resource://gre/modules/ExtensionCommon.jsm:80:9
inject/cssPromise<@resource://gre/modules/ExtensionContent.jsm:526:36
]]
1607126349626	geckodriver	INFO	Listening on 127.0.0.1:49953
1607126349638	mozrunner::runner	INFO	Running command: "/usr/bin/firefox" "--marionette" "-headless" "-foreground" "-no-remote" "-profile" "/tmp/rust_mozprofileVzk62v"
*** You are running in headless mode.
console.warn: SearchSettings: "get: No settings file exists, new profile?" (new Error("", "(unknown module)"))
1607126352082	Marionette	INFO	Listening on port 33201
1607126352175	Marionette	WARN	TLS certificate errors will be ignored for this session
1607126353448	Marionette	INFO	Stopped listening on port 33201
JavaScript error: resource://gre/modules/UrlClassifierListManager.jsm, line 691: TypeError: this.tablesData[table] is undefined
console.log: "RemoteSettingsWorker error: Error: Can't import when we've started shutting down."
console.log: "RemoteSettingsWorker error: Error: Can't import when we've started shutting down."
console.log: "RemoteSettingsWorker error: Error: Can't import when we've started shutting down."
console.error: "Could not load engine google@search.mozilla.org: [Exception... \"AddonManager is not initialized\"  nsresult: \"0xc1f30001 (NS_ERROR_NOT_INITIALIZED)\"  location: \"JS frame :: resource://gre/modules/AddonManager.jsm :: installBuiltinAddon :: line 2550\"  data: no]"
console.error: "Could not load engine amazondotcom@search.mozilla.org: [Exception... \"AddonManager is not initialized\"  nsresult: \"0xc1f30001 (NS_ERROR_NOT_INITIALIZED)\"  location: \"JS frame :: resource://gre/modules/AddonManager.jsm :: installBuiltinAddon :: line 2550\"  data: no]"
console.error: "Could not load engine ddg@search.mozilla.org: [Exception... \"AddonManager is not initialized\"  nsresult: \"0xc1f30001 (NS_ERROR_NOT_INITIALIZED)\"  location: \"JS frame :: resource://gre/modules/AddonManager.jsm :: installBuiltinAddon :: line 2550\"  data: no]"
console.error: "Could not load engine bing@search.mozilla.org: [Exception... \"AddonManager is not initialized\"  nsresult: \"0xc1f30001 (NS_ERROR_NOT_INITIALIZED)\"  location: \"JS frame :: resource://gre/modules/AddonManager.jsm :: installBuiltinAddon :: line 2550\"  data: no]"
console.error: "Could not load engine wikipedia@search.mozilla.org: [Exception... \"AddonManager is not initialized\"  nsresult: \"0xc1f30001 (NS_ERROR_NOT_INITIALIZED)\"  location: \"JS frame :: resource://gre/modules/AddonManager.jsm :: installBuiltinAddon :: line 2550\"  data: no]"
console.warn: SearchService: "_init: abandoning init due to shutting down"
JavaScript error: resource://gre/modules/AsyncShutdown.jsm, line 554: uncaught exception: 2147500036
JavaScript error: resource://gre/modules/AsyncShutdown.jsm, line 554: uncaught exception: 2147500036
JavaScript error: resource://gre/modules/AsyncShutdown.jsm, line 554: uncaught exception: 2147500036
JavaScript error: resource://gre/modules/AsyncShutdown.jsm, line 554: uncaught exception: 2147500036
JavaScript error: resource://gre/modules/AsyncShutdown.jsm, line 554: uncaught exception: 2147500036
JavaScript error: resource:///modules/EveryWindow.jsm, line 37: NS_ERROR_UNEXPECTED: Component returned failure code: 0x8000ffff (NS_ERROR_UNEXPECTED) [nsIWindowMediator.getEnumerator]
JavaScript error: moz-extension://57bbda81-e072-43d1-9bf5-9c2294c6bb06/dist/background.js, line 620: Error: Promised response from onMessage listener went out of scope
JavaScript error: moz-extension://57bbda81-e072-43d1-9bf5-9c2294c6bb06/dist/background.js, line 620: Error: Promised response from onMessage listener went out of scope
JavaScript error: moz-extension://57bbda81-e072-43d1-9bf5-9c2294c6bb06/dist/background.js, line 620: Error: Promised response from onMessage listener went out of scope
JavaScript error: moz-extension://57bbda81-e072-43d1-9bf5-9c2294c6bb06/dist/background.js, line 620: Error: Promised response from onMessage listener went out of scope
JavaScript error: moz-extension://57bbda81-e072-43d1-9bf5-9c2294c6bb06/dist/background.js, line 620: Error: Promised response from onMessage listener went out of scope
JavaScript error: moz-extension://57bbda81-e072-43d1-9bf5-9c2294c6bb06/dist/background.js, line 620: Error: Promised response from onMessage listener went out of scope
JavaScript error: moz-extension://57bbda81-e072-43d1-9bf5-9c2294c6bb06/dist/background.js, line 620: Error: Promised response from onMessage listener went out of scope
JavaScript error: moz-extension://57bbda81-e072-43d1-9bf5-9c2294c6bb06/dist/background.js, line 620: Error: Promised response from onMessage listener went out of scope
JavaScript error: moz-extension://57bbda81-e072-43d1-9bf5-9c2294c6bb06/dist/background.js, line 620: Error: Promised response from onMessage listener went out of scope
JavaScript error: moz-extension://57bbda81-e072-43d1-9bf5-9c2294c6bb06/dist/background.js, line 620: Error: Promised response from onMessage listener went out of scope
JavaScript error: moz-extension://57bbda81-e072-43d1-9bf5-9c2294c6bb06/dist/background.js, line 620: Error: Promised response from onMessage listener went out of scope
JavaScript error: moz-extension://57bbda81-e072-43d1-9bf5-9c2294c6bb06/dist/background.js, line 620: Error: Promised response from onMessage listener went out of scope
JavaScript error: moz-extension://57bbda81-e072-43d1-9bf5-9c2294c6bb06/dist/background.js, line 620: Error: Promised response from onMessage listener went out of scope
JavaScript error: moz-extension://57bbda81-e072-43d1-9bf5-9c2294c6bb06/dist/background.js, line 620: Error: Promised response from onMessage listener went out of scope
JavaScript error: moz-extension://57bbda81-e072-43d1-9bf5-9c2294c6bb06/dist/background.js, line 620: Error: Promised response from onMessage listener went out of scope
JavaScript error: moz-extension://57bbda81-e072-43d1-9bf5-9c2294c6bb06/dist/background.js, line 620: Error: Promised response from onMessage listener went out of scope
JavaScript error: moz-extension://57bbda81-e072-43d1-9bf5-9c2294c6bb06/dist/background.js, line 620: Error: Promised response from onMessage listener went out of scope
JavaScript error: moz-extension://57bbda81-e072-43d1-9bf5-9c2294c6bb06/dist/background.js, line 620: Error: Promised response from onMessage listener went out of scope
JavaScript error: moz-extension://57bbda81-e072-43d1-9bf5-9c2294c6bb06/dist/background.js, line 620: Error: Promised response from onMessage listener went out of scope
JavaScript error: moz-extension://57bbda81-e072-43d1-9bf5-9c2294c6bb06/dist/background.js, line 620: Error: Promised response from onMessage listener went out of scope
JavaScript error: moz-extension://57bbda81-e072-43d1-9bf5-9c2294c6bb06/dist/background.js, line 620: Error: Promised response from onMessage listener went out of scope
JavaScript error: moz-extension://57bbda81-e072-43d1-9bf5-9c2294c6bb06/dist/background.js, line 620: Error: Promised response from onMessage listener went out of scope
JavaScript error: moz-extension://57bbda81-e072-43d1-9bf5-9c2294c6bb06/dist/background.js, line 620: Error: Promised response from onMessage listener went out of scope
JavaScript error: moz-extension://57bbda81-e072-43d1-9bf5-9c2294c6bb06/dist/background.js, line 620: Error: Promised response from onMessage listener went out of scope
JavaScript error: moz-extension://57bbda81-e072-43d1-9bf5-9c2294c6bb06/dist/background.js, line 620: Error: Promised response from onMessage listener went out of scope
JavaScript error: moz-extension://57bbda81-e072-43d1-9bf5-9c2294c6bb06/dist/background.js, line 620: Error: Promised response from onMessage listener went out of scope
JavaScript error: moz-extension://57bbda81-e072-43d1-9bf5-9c2294c6bb06/dist/background.js, line 620: Error: Promised response from onMessage listener went out of scope
JavaScript error: moz-extension://57bbda81-e072-43d1-9bf5-9c2294c6bb06/dist/background.js, line 620: Error: Promised response from onMessage listener went out of scope
JavaScript error: moz-extension://57bbda81-e072-43d1-9bf5-9c2294c6bb06/dist/background.js, line 620: Error: Promised response from onMessage listener went out of scope
JavaScript error: moz-extension://57bbda81-e072-43d1-9bf5-9c2294c6bb06/dist/background.js, line 620: Error: Promised response from onMessage listener went out of scope
JavaScript error: moz-extension://57bbda81-e072-43d1-9bf5-9c2294c6bb06/dist/background.js, line 620: Error: Promised response from onMessage listener went out of scope
JavaScript error: moz-extension://57bbda81-e072-43d1-9bf5-9c2294c6bb06/dist/background.js, line 620: Error: Promised response from onMessage listener went out of scope
JavaScript error: moz-extension://57bbda81-e072-43d1-9bf5-9c2294c6bb06/dist/background.js, line 620: Error: Promised response from onMessage listener went out of scope
JavaScript error: moz-extension://57bbda81-e072-43d1-9bf5-9c2294c6bb06/dist/background.js, line 620: Error: Promised response from onMessage listener went out of scope
JavaScript error: moz-extension://57bbda81-e072-43d1-9bf5-9c2294c6bb06/dist/background.js, line 620: Error: Promised response from onMessage listener went out of scope
Exiting due to channel error.
Exiting due to channel error.
Exiting due to channel error.
